<?xml version="1.0" encoding="UTF-8"?>
<!-- Generated by org.testng.reporters.JUnitReportReporter -->
<testsuite skipped="0" hostname="Phoenix" name="cloudPackage.LoginKimai" tests="4" failures="0" timestamp="22 Oct 2018 03:58:52 GMT" time="141.397" errors="0">
  <testcase name="I_am_on_home_page_of_Kimai_Application" time="123.920" classname="cloudPackage.LoginKimai"/>
  <testcase name="I_login_with_valid_credentials" time="5.636" classname="cloudPackage.LoginKimai"/>
  <testcase name="I_should_see_home_page" time="10.931" classname="cloudPackage.LoginKimai"/>
  <testcase name="I_logout_of_the_application" time="0.910" classname="cloudPackage.LoginKimai"/>
</testsuite> <!-- cloudPackage.LoginKimai -->
